<?xml version="1.0" encoding="UTF-8"?>
<!-- Generated by org.testng.reporters.JUnitXMLReporter -->
<testsuite ignored="0" hostname="DESKTOP-45VA84T" failures="1" tests="2" name="EdgeTest" time="30.848" errors="0" timestamp="2025-01-18T20:17:27 IST">
  <testcase classname="testCases.BaseClass" name="testbase" time="0.008"/>
  <testcase classname="testCases.RegisterUserTest" name="registerUser" time="5.233">
    <failure type="java.lang.AssertionError" message="expected [true] but found [false]">
      <![CDATA[java.lang.AssertionError: expected [true] but found [false]
at testCases.RegisterUserTest.registerUser(RegisterUserTest.java:60)
at java.base/java.util.ArrayList.forEach(ArrayList.java:1596)
at java.base/java.util.concurrent.FutureTask.run(FutureTask.java:317)
at java.base/java.util.concurrent.ThreadPoolExecutor.runWorker(ThreadPoolExecutor.java:1144)
at java.base/java.util.concurrent.ThreadPoolExecutor$Worker.run(ThreadPoolExecutor.java:642)
at java.base/java.lang.Thread.run(Thread.java:1583)
... Removed 19 stack frames]]>
    </failure>
  </testcase> <!-- registerUser -->
</testsuite> <!-- EdgeTest -->
